latexindent.pl version 3.0.2, a script to indent .tex files
	latexindent.pl lives here: /usr/local/texlive/2017/texmf-dist/scripts/latexindent/
	Tue Nov  6 00:07:14 2018
Processing switches
Directory for backup files and indent.log: .
Perl modules are being loaded from the following directories:
	/System/Library/Perl/5.18/FindBin.pm
	/Library/Perl/5.18/YAML/Tiny.pm
	/System/Library/Perl/5.18/File/Copy.pm
	/System/Library/Perl/5.18/File/Basename.pm
	/System/Library/Perl/5.18/Getopt/Long.pm
	/Library/Perl/5.18/File/HomeDir.pm
	/Library/Perl/5.18/darwin-thread-multi-2level/Unicode/GCString.pm
Latex Indent perl modules are being loaded from, for example:
	/usr/local/texlive/2017/texmf-dist/scripts/latexindent/LatexIndent/Document.pm
YAML settings read
	Reading defaultSettings.yaml from /usr/local/texlive/2017/texmf-dist/scripts/latexindent/defaultSettings.yaml
	Home directory is /Users/haozhang (didn't find either indentconfig.yaml or .indentconfig.yaml)
	To specify user settings you would put indentconfig.yaml here: /Users/haozhang/indentconfig.yaml
	Alternatively, you can use the hidden file .indentconfig.yaml as: /Users/haozhang/.indentconfig.yaml
List of items: myitem|item (see itemNames)
looking for VERBATIM commands (see verbatimCommands)
looking for FILE CONTENTS environments (see fileContentsEnvironments)
	looking for filecontents:1 environments
	looking for filecontents*:1 environments
	\begin{document} found in body (after searching for filecontents)-- assuming that a preamble exists
	Custom replacement text routine for preamble preamble
	preamble found: LatexIndent::Preamble=HASH(0x7fba1414f600)
	replaced with ID: LTXIN-TK-preamble1-END
	
	\begin{document}
	NOT storing LTXIN-TK-preamble1-END for indentation -- will store as VERBATIM object (see indentPreamble)
Phase 1: searching for objects
	looking for ENVIRONMENTS
	looking for IFELSEFI
	looking for HEADINGS (chapter, section, part, etc)
	looking for COMMANDS and key = {value}
	looking for SPECIAL begin/end
Objects have been found.
Operating on: masterdocument
Number of children:
	7
Phase 2: finding surrounding indentation
Phase 3: indenting objects
Phase 4: final indentation check
Output routine
	Not outputting to file; see -w and -o switches for more options.
--------------
Please direct all communication/issues to: 
	https://github.com/cmhughes/latexindent.pl
