This is XeTeX, Version 3.14159265-2.6-0.999992 (TeX Live 2020) (preloaded format=xelatex 2020.8.28)  8 JUL 2021 08:52
entering extended mode
 restricted \write18 enabled.
 %&-line parsing enabled.
**UNC.tex
(./UNC.tex
LaTeX2e <2020-02-02> patch level 5
L3 programming layer <2020-08-07>
(/usr/local/texlive/2020/texmf-dist/tex/latex/beamer/beamer.cls
Document Class: beamer 2020/07/22 v3.59 A class for typesetting presentations
(/usr/local/texlive/2020/texmf-dist/tex/latex/beamer/beamerbasemodes.sty
(/usr/local/texlive/2020/texmf-dist/tex/latex/etoolbox/etoolbox.sty
Package: etoolbox 2020/08/24 v2.5j e-TeX tools for LaTeX (JAW)
\etb@tempcnta=\count164
)
\beamer@tempbox=\box45
\beamer@tempcount=\count165
\c@beamerpauses=\count166

(/usr/local/texlive/2020/texmf-dist/tex/latex/beamer/beamerbasedecode.sty
\beamer@slideinframe=\count167
\beamer@minimum=\count168
\beamer@decode@box=\box46
)
\beamer@commentbox=\box47
\beamer@modecount=\count169
)
(/usr/local/texlive/2020/texmf-dist/tex/generic/iftex/ifpdf.sty
Package: ifpdf 2019/10/25 v3.4 ifpdf legacy package. Use iftex instead.

(/usr/local/texlive/2020/texmf-dist/tex/generic/iftex/iftex.sty
Package: iftex 2020/03/06 v1.0d TeX engine tests
))
\headdp=\dimen134
\footheight=\dimen135
\sidebarheight=\dimen136
\beamer@tempdim=\dimen137
\beamer@finalheight=\dimen138
\beamer@animht=\dimen139
\beamer@animdp=\dimen140
\beamer@animwd=\dimen141
\beamer@leftmargin=\dimen142
\beamer@rightmargin=\dimen143
\beamer@leftsidebar=\dimen144
\beamer@rightsidebar=\dimen145
\beamer@boxsize=\dimen146
\beamer@vboxoffset=\dimen147
\beamer@descdefault=\dimen148
\beamer@descriptionwidth=\dimen149
\beamer@lastskip=\skip47
\beamer@areabox=\box48
\beamer@animcurrent=\box49
\beamer@animshowbox=\box50
\beamer@sectionbox=\box51
\beamer@logobox=\box52
\beamer@linebox=\box53
\beamer@sectioncount=\count170
\beamer@subsubsectionmax=\count171
\beamer@subsectionmax=\count172
\beamer@sectionmax=\count173
\beamer@totalheads=\count174
\beamer@headcounter=\count175
\beamer@partstartpage=\count176
\beamer@sectionstartpage=\count177
\beamer@subsectionstartpage=\count178
\beamer@animationtempa=\count179
\beamer@animationtempb=\count180
\beamer@xpos=\count181
\beamer@ypos=\count182
\beamer@ypos@offset=\count183
\beamer@showpartnumber=\count184
\beamer@currentsubsection=\count185
\beamer@coveringdepth=\count186
\beamer@sectionadjust=\count187
\beamer@tocsectionnumber=\count188

(/usr/local/texlive/2020/texmf-dist/tex/latex/beamer/beamerbaseoptions.sty
(/usr/local/texlive/2020/texmf-dist/tex/latex/graphics/keyval.sty
Package: keyval 2014/10/28 v1.15 key=value parser (DPC)
\KV@toks@=\toks15
))
\beamer@paperwidth=\skip48
\beamer@paperheight=\skip49

(/usr/local/texlive/2020/texmf-dist/tex/latex/geometry/geometry.sty
Package: geometry 2020/01/02 v5.9 Page Geometry

(/usr/local/texlive/2020/texmf-dist/tex/generic/iftex/ifvtex.sty
Package: ifvtex 2019/10/25 v1.7 ifvtex legacy package. Use iftex instead.
)
\Gm@cnth=\count189
\Gm@cntv=\count190
\c@Gm@tempcnt=\count191
\Gm@bindingoffset=\dimen150
\Gm@wd@mp=\dimen151
\Gm@odd@mp=\dimen152
\Gm@even@mp=\dimen153
\Gm@layoutwidth=\dimen154
\Gm@layoutheight=\dimen155
\Gm@layouthoffset=\dimen156
\Gm@layoutvoffset=\dimen157
\Gm@dimlist=\toks16
)
(/usr/local/texlive/2020/texmf-dist/tex/latex/base/size11.clo
File: size11.clo 2019/12/20 v1.4l Standard LaTeX file (size option)
)
(/usr/local/texlive/2020/texmf-dist/tex/latex/pgf/basiclayer/pgfcore.sty
(/usr/local/texlive/2020/texmf-dist/tex/latex/graphics/graphicx.sty
Package: graphicx 2019/11/30 v1.2a Enhanced LaTeX Graphics (DPC,SPQR)

(/usr/local/texlive/2020/texmf-dist/tex/latex/graphics/graphics.sty
Package: graphics 2019/11/30 v1.4a Standard LaTeX Graphics (DPC,SPQR)

(/usr/local/texlive/2020/texmf-dist/tex/latex/graphics/trig.sty
Package: trig 2016/01/03 v1.10 sin cos tan (DPC)
)
(/usr/local/texlive/2020/texmf-dist/tex/latex/graphics-cfg/graphics.cfg
File: graphics.cfg 2016/06/04 v1.11 sample graphics configuration
)
Package graphics Info: Driver file: xetex.def on input line 105.

(/usr/local/texlive/2020/texmf-dist/tex/latex/graphics-def/xetex.def
File: xetex.def 2017/06/24 v5.0h Graphics/color driver for xetex
))
\Gin@req@height=\dimen158
\Gin@req@width=\dimen159
)
(/usr/local/texlive/2020/texmf-dist/tex/latex/pgf/systemlayer/pgfsys.sty
(/usr/local/texlive/2020/texmf-dist/tex/latex/pgf/utilities/pgfrcs.sty
(/usr/local/texlive/2020/texmf-dist/tex/generic/pgf/utilities/pgfutil-common.te
x
\pgfutil@everybye=\toks17
\pgfutil@tempdima=\dimen160
\pgfutil@tempdimb=\dimen161

(/usr/local/texlive/2020/texmf-dist/tex/generic/pgf/utilities/pgfutil-common-li
sts.tex))
(/usr/local/texlive/2020/texmf-dist/tex/generic/pgf/utilities/pgfutil-latex.def
\pgfutil@abb=\box54
(/usr/local/texlive/2020/texmf-dist/tex/latex/ms/everyshi.sty
Package: everyshi 2001/05/15 v3.00 EveryShipout Package (MS)
))
(/usr/local/texlive/2020/texmf-dist/tex/generic/pgf/utilities/pgfrcs.code.tex
(/usr/local/texlive/2020/texmf-dist/tex/generic/pgf/pgf.revision.tex)
Package: pgfrcs 2020/01/08 v3.1.5b (3.1.5b)
))
(/usr/local/texlive/2020/texmf-dist/tex/generic/pgf/systemlayer/pgfsys.code.tex
Package: pgfsys 2020/01/08 v3.1.5b (3.1.5b)
(/usr/local/texlive/2020/texmf-dist/tex/generic/pgf/utilities/pgfkeys.code.tex
\pgfkeys@pathtoks=\toks18
\pgfkeys@temptoks=\toks19

(/usr/local/texlive/2020/texmf-dist/tex/generic/pgf/utilities/pgfkeysfiltered.c
ode.tex
\pgfkeys@tmptoks=\toks20
))
\pgf@x=\dimen162
\pgf@y=\dimen163
\pgf@xa=\dimen164
\pgf@ya=\dimen165
\pgf@xb=\dimen166
\pgf@yb=\dimen167
\pgf@xc=\dimen168
\pgf@yc=\dimen169
\pgf@xd=\dimen170
\pgf@yd=\dimen171
\w@pgf@writea=\write3
\r@pgf@reada=\read2
\c@pgf@counta=\count192
\c@pgf@countb=\count193
\c@pgf@countc=\count194
\c@pgf@countd=\count195
\t@pgf@toka=\toks21
\t@pgf@tokb=\toks22
\t@pgf@tokc=\toks23
\pgf@sys@id@count=\count196

(/usr/local/texlive/2020/texmf-dist/tex/generic/pgf/systemlayer/pgf.cfg
File: pgf.cfg 2020/01/08 v3.1.5b (3.1.5b)
)
Driver file for pgf: pgfsys-xetex.def

(/usr/local/texlive/2020/texmf-dist/tex/generic/pgf/systemlayer/pgfsys-xetex.de
f
File: pgfsys-xetex.def 2020/01/08 v3.1.5b (3.1.5b)

(/usr/local/texlive/2020/texmf-dist/tex/generic/pgf/systemlayer/pgfsys-dvipdfmx
.def
File: pgfsys-dvipdfmx.def 2020/01/08 v3.1.5b (3.1.5b)

(/usr/local/texlive/2020/texmf-dist/tex/generic/pgf/systemlayer/pgfsys-common-p
df.def
File: pgfsys-common-pdf.def 2020/01/08 v3.1.5b (3.1.5b)
)
\pgfsys@objnum=\count197
)))
(/usr/local/texlive/2020/texmf-dist/tex/generic/pgf/systemlayer/pgfsyssoftpath.
code.tex
File: pgfsyssoftpath.code.tex 2020/01/08 v3.1.5b (3.1.5b)
\pgfsyssoftpath@smallbuffer@items=\count198
\pgfsyssoftpath@bigbuffer@items=\count199
)
(/usr/local/texlive/2020/texmf-dist/tex/generic/pgf/systemlayer/pgfsysprotocol.
code.tex
File: pgfsysprotocol.code.tex 2020/01/08 v3.1.5b (3.1.5b)
)) (/usr/local/texlive/2020/texmf-dist/tex/latex/xcolor/xcolor.sty
Package: xcolor 2016/05/11 v2.12 LaTeX color extensions (UK)

(/usr/local/texlive/2020/texmf-dist/tex/latex/graphics-cfg/color.cfg
File: color.cfg 2016/01/02 v1.6 sample color configuration
)
Package xcolor Info: Driver file: xetex.def on input line 225.
Package xcolor Info: Model `cmy' substituted by `cmy0' on input line 1348.
Package xcolor Info: Model `RGB' extended on input line 1364.
Package xcolor Info: Model `HTML' substituted by `rgb' on input line 1366.
Package xcolor Info: Model `Hsb' substituted by `hsb' on input line 1367.
Package xcolor Info: Model `tHsb' substituted by `hsb' on input line 1368.
Package xcolor Info: Model `HSB' substituted by `hsb' on input line 1369.
Package xcolor Info: Model `Gray' substituted by `gray' on input line 1370.
Package xcolor Info: Model `wave' substituted by `hsb' on input line 1371.

(/usr/local/texlive/2020/texmf-dist/tex/latex/graphics/dvipsnam.def
File: dvipsnam.def 2016/06/17 v3.0m Driver-dependent file (DPC,SPQR)
))
(/usr/local/texlive/2020/texmf-dist/tex/generic/pgf/basiclayer/pgfcore.code.tex
Package: pgfcore 2020/01/08 v3.1.5b (3.1.5b)
(/usr/local/texlive/2020/texmf-dist/tex/generic/pgf/math/pgfmath.code.tex
(/usr/local/texlive/2020/texmf-dist/tex/generic/pgf/math/pgfmathcalc.code.tex
(/usr/local/texlive/2020/texmf-dist/tex/generic/pgf/math/pgfmathutil.code.tex)
(/usr/local/texlive/2020/texmf-dist/tex/generic/pgf/math/pgfmathparser.code.tex
\pgfmath@dimen=\dimen172
\pgfmath@count=\count266
\pgfmath@box=\box55
\pgfmath@toks=\toks24
\pgfmath@stack@operand=\toks25
\pgfmath@stack@operation=\toks26
)
(/usr/local/texlive/2020/texmf-dist/tex/generic/pgf/math/pgfmathfunctions.code.
tex
(/usr/local/texlive/2020/texmf-dist/tex/generic/pgf/math/pgfmathfunctions.basic
.code.tex)
(/usr/local/texlive/2020/texmf-dist/tex/generic/pgf/math/pgfmathfunctions.trigo
nometric.code.tex)
(/usr/local/texlive/2020/texmf-dist/tex/generic/pgf/math/pgfmathfunctions.rando
m.code.tex)
(/usr/local/texlive/2020/texmf-dist/tex/generic/pgf/math/pgfmathfunctions.compa
rison.code.tex)
(/usr/local/texlive/2020/texmf-dist/tex/generic/pgf/math/pgfmathfunctions.base.
code.tex)
(/usr/local/texlive/2020/texmf-dist/tex/generic/pgf/math/pgfmathfunctions.round
.code.tex)
(/usr/local/texlive/2020/texmf-dist/tex/generic/pgf/math/pgfmathfunctions.misc.
code.tex)
(/usr/local/texlive/2020/texmf-dist/tex/generic/pgf/math/pgfmathfunctions.integ
erarithmetics.code.tex)))
(/usr/local/texlive/2020/texmf-dist/tex/generic/pgf/math/pgfmathfloat.code.tex
\c@pgfmathroundto@lastzeros=\count267
)) (/usr/local/texlive/2020/texmf-dist/tex/generic/pgf/math/pgfint.code.tex)
(/usr/local/texlive/2020/texmf-dist/tex/generic/pgf/basiclayer/pgfcorepoints.co
de.tex
File: pgfcorepoints.code.tex 2020/01/08 v3.1.5b (3.1.5b)
\pgf@picminx=\dimen173
\pgf@picmaxx=\dimen174
\pgf@picminy=\dimen175
\pgf@picmaxy=\dimen176
\pgf@pathminx=\dimen177
\pgf@pathmaxx=\dimen178
\pgf@pathminy=\dimen179
\pgf@pathmaxy=\dimen180
\pgf@xx=\dimen181
\pgf@xy=\dimen182
\pgf@yx=\dimen183
\pgf@yy=\dimen184
\pgf@zx=\dimen185
\pgf@zy=\dimen186
)
(/usr/local/texlive/2020/texmf-dist/tex/generic/pgf/basiclayer/pgfcorepathconst
ruct.code.tex
File: pgfcorepathconstruct.code.tex 2020/01/08 v3.1.5b (3.1.5b)
\pgf@path@lastx=\dimen187
\pgf@path@lasty=\dimen188
)
(/usr/local/texlive/2020/texmf-dist/tex/generic/pgf/basiclayer/pgfcorepathusage
.code.tex
File: pgfcorepathusage.code.tex 2020/01/08 v3.1.5b (3.1.5b)
\pgf@shorten@end@additional=\dimen189
\pgf@shorten@start@additional=\dimen190
)
(/usr/local/texlive/2020/texmf-dist/tex/generic/pgf/basiclayer/pgfcorescopes.co
de.tex
File: pgfcorescopes.code.tex 2020/01/08 v3.1.5b (3.1.5b)
\pgfpic=\box56
\pgf@hbox=\box57
\pgf@layerbox@main=\box58
\pgf@picture@serial@count=\count268
)
(/usr/local/texlive/2020/texmf-dist/tex/generic/pgf/basiclayer/pgfcoregraphicst
ate.code.tex
File: pgfcoregraphicstate.code.tex 2020/01/08 v3.1.5b (3.1.5b)
\pgflinewidth=\dimen191
)
(/usr/local/texlive/2020/texmf-dist/tex/generic/pgf/basiclayer/pgfcoretransform
ations.code.tex
File: pgfcoretransformations.code.tex 2020/01/08 v3.1.5b (3.1.5b)
\pgf@pt@x=\dimen192
\pgf@pt@y=\dimen193
\pgf@pt@temp=\dimen194
)
(/usr/local/texlive/2020/texmf-dist/tex/generic/pgf/basiclayer/pgfcorequick.cod
e.tex
File: pgfcorequick.code.tex 2020/01/08 v3.1.5b (3.1.5b)
)
(/usr/local/texlive/2020/texmf-dist/tex/generic/pgf/basiclayer/pgfcoreobjects.c
ode.tex
File: pgfcoreobjects.code.tex 2020/01/08 v3.1.5b (3.1.5b)
)
(/usr/local/texlive/2020/texmf-dist/tex/generic/pgf/basiclayer/pgfcorepathproce
ssing.code.tex
File: pgfcorepathprocessing.code.tex 2020/01/08 v3.1.5b (3.1.5b)
)
(/usr/local/texlive/2020/texmf-dist/tex/generic/pgf/basiclayer/pgfcorearrows.co
de.tex
File: pgfcorearrows.code.tex 2020/01/08 v3.1.5b (3.1.5b)
\pgfarrowsep=\dimen195
)
(/usr/local/texlive/2020/texmf-dist/tex/generic/pgf/basiclayer/pgfcoreshade.cod
e.tex
File: pgfcoreshade.code.tex 2020/01/08 v3.1.5b (3.1.5b)
\pgf@max=\dimen196
\pgf@sys@shading@range@num=\count269
\pgf@shadingcount=\count270
)
(/usr/local/texlive/2020/texmf-dist/tex/generic/pgf/basiclayer/pgfcoreimage.cod
e.tex
File: pgfcoreimage.code.tex 2020/01/08 v3.1.5b (3.1.5b)

(/usr/local/texlive/2020/texmf-dist/tex/generic/pgf/basiclayer/pgfcoreexternal.
code.tex
File: pgfcoreexternal.code.tex 2020/01/08 v3.1.5b (3.1.5b)
\pgfexternal@startupbox=\box59
))
(/usr/local/texlive/2020/texmf-dist/tex/generic/pgf/basiclayer/pgfcorelayers.co
de.tex
File: pgfcorelayers.code.tex 2020/01/08 v3.1.5b (3.1.5b)
)
(/usr/local/texlive/2020/texmf-dist/tex/generic/pgf/basiclayer/pgfcoretranspare
ncy.code.tex
File: pgfcoretransparency.code.tex 2020/01/08 v3.1.5b (3.1.5b)
)
(/usr/local/texlive/2020/texmf-dist/tex/generic/pgf/basiclayer/pgfcorepatterns.
code.tex
File: pgfcorepatterns.code.tex 2020/01/08 v3.1.5b (3.1.5b)
)
(/usr/local/texlive/2020/texmf-dist/tex/generic/pgf/basiclayer/pgfcorerdf.code.
tex
File: pgfcorerdf.code.tex 2020/01/08 v3.1.5b (3.1.5b)
))) (/usr/local/texlive/2020/texmf-dist/tex/latex/pgf/utilities/xxcolor.sty
Package: xxcolor 2003/10/24 ver 0.1
\XC@nummixins=\count271
\XC@countmixins=\count272
) (/usr/local/texlive/2020/texmf-dist/tex/generic/atbegshi/atbegshi.sty
Package: atbegshi 2019/12/05 v1.19 At begin shipout hook (HO)

(/usr/local/texlive/2020/texmf-dist/tex/generic/infwarerr/infwarerr.sty
Package: infwarerr 2019/12/03 v1.5 Providing info/warning/error messages (HO)
)
(/usr/local/texlive/2020/texmf-dist/tex/generic/ltxcmds/ltxcmds.sty
Package: ltxcmds 2019/12/15 v1.24 LaTeX kernel commands for general use (HO)
))
(/usr/local/texlive/2020/texmf-dist/tex/latex/hyperref/hyperref.sty
Package: hyperref 2020-05-15 v7.00e Hypertext links for LaTeX

(/usr/local/texlive/2020/texmf-dist/tex/generic/pdftexcmds/pdftexcmds.sty
Package: pdftexcmds 2020-06-27 v0.33 Utility functions of pdfTeX for LuaTeX (HO
)
Package pdftexcmds Info: \pdf@primitive is available.
Package pdftexcmds Info: \pdf@ifprimitive is available.
Package pdftexcmds Info: \pdfdraftmode not found.
)
(/usr/local/texlive/2020/texmf-dist/tex/generic/kvsetkeys/kvsetkeys.sty
Package: kvsetkeys 2019/12/15 v1.18 Key value parser (HO)
)
(/usr/local/texlive/2020/texmf-dist/tex/generic/kvdefinekeys/kvdefinekeys.sty
Package: kvdefinekeys 2019-12-19 v1.6 Define keys (HO)
)
(/usr/local/texlive/2020/texmf-dist/tex/generic/pdfescape/pdfescape.sty
Package: pdfescape 2019/12/09 v1.15 Implements pdfTeX's escape features (HO)
)
(/usr/local/texlive/2020/texmf-dist/tex/latex/hycolor/hycolor.sty
Package: hycolor 2020-01-27 v1.10 Color options for hyperref/bookmark (HO)
)
(/usr/local/texlive/2020/texmf-dist/tex/latex/letltxmacro/letltxmacro.sty
Package: letltxmacro 2019/12/03 v1.6 Let assignment for LaTeX macros (HO)
)
(/usr/local/texlive/2020/texmf-dist/tex/latex/auxhook/auxhook.sty
Package: auxhook 2019-12-17 v1.6 Hooks for auxiliary files (HO)
)
(/usr/local/texlive/2020/texmf-dist/tex/latex/kvoptions/kvoptions.sty
Package: kvoptions 2019/11/29 v3.13 Key value format for package options (HO)
)
\@linkdim=\dimen197
\Hy@linkcounter=\count273
\Hy@pagecounter=\count274

(/usr/local/texlive/2020/texmf-dist/tex/latex/hyperref/pd1enc.def
File: pd1enc.def 2020-05-15 v7.00e Hyperref: PDFDocEncoding definition (HO)
)
(/usr/local/texlive/2020/texmf-dist/tex/generic/intcalc/intcalc.sty
Package: intcalc 2019/12/15 v1.3 Expandable calculations with integers (HO)
)
(/usr/local/texlive/2020/texmf-dist/tex/generic/etexcmds/etexcmds.sty
Package: etexcmds 2019/12/15 v1.7 Avoid name clashes with e-TeX commands (HO)
)
\Hy@SavedSpaceFactor=\count275
Package hyperref Info: Option `bookmarks' set `true' on input line 4338.
Package hyperref Info: Option `bookmarksopen' set `true' on input line 4338.
Package hyperref Info: Option `implicit' set `false' on input line 4338.
Package hyperref Info: Hyper figures OFF on input line 4464.
Package hyperref Info: Link nesting OFF on input line 4469.
Package hyperref Info: Hyper index ON on input line 4472.
Package hyperref Info: Plain pages OFF on input line 4479.
Package hyperref Info: Backreferencing OFF on input line 4484.
Package hyperref Info: Implicit mode OFF; no redefinition of LaTeX internals.
Package hyperref Info: Bookmarks ON on input line 4717.
\c@Hy@tempcnt=\count276

(/usr/local/texlive/2020/texmf-dist/tex/latex/url/url.sty
\Urlmuskip=\muskip16
Package: url 2013/09/16  ver 3.4  Verb mode for urls, etc.
)
LaTeX Info: Redefining \url on input line 5076.
\XeTeXLinkMargin=\dimen198

(/usr/local/texlive/2020/texmf-dist/tex/generic/bitset/bitset.sty
Package: bitset 2019/12/09 v1.3 Handle bit-vector datatype (HO)

(/usr/local/texlive/2020/texmf-dist/tex/generic/bigintcalc/bigintcalc.sty
Package: bigintcalc 2019/12/15 v1.5 Expandable calculations on big integers (HO
)
))
\Fld@menulength=\count277
\Field@Width=\dimen199
\Fld@charsize=\dimen256
Package hyperref Info: Hyper figures OFF on input line 6347.
Package hyperref Info: Link nesting OFF on input line 6352.
Package hyperref Info: Hyper index ON on input line 6355.
Package hyperref Info: backreferencing OFF on input line 6362.
Package hyperref Info: Link coloring OFF on input line 6367.
Package hyperref Info: Link coloring with OCG OFF on input line 6372.
Package hyperref Info: PDF/A mode OFF on input line 6377.
LaTeX Info: Redefining \ref on input line 6417.
LaTeX Info: Redefining \pageref on input line 6421.
\Hy@abspage=\count278


Package hyperref Message: Stopped early.

)
Package hyperref Info: Driver (autodetected): hxetex.
 (/usr/local/texlive/2020/texmf-dist/tex/latex/hyperref/hxetex.def
File: hxetex.def 2020-05-15 v7.00e Hyperref driver for XeTeX

(/usr/local/texlive/2020/texmf-dist/tex/latex/hyperref/puenc.def
File: puenc.def 2020-05-15 v7.00e Hyperref: PDF Unicode definition (HO)
)
(/usr/local/texlive/2020/texmf-dist/tex/generic/stringenc/stringenc.sty
Package: stringenc 2019/11/29 v1.12 Convert strings between diff. encodings (HO
)
)
\pdfm@box=\box60
\c@Hy@AnnotLevel=\count279
\HyField@AnnotCount=\count280
\Fld@listcount=\count281
\c@bookmark@seq@number=\count282

(/usr/local/texlive/2020/texmf-dist/tex/latex/rerunfilecheck/rerunfilecheck.sty
Package: rerunfilecheck 2019/12/05 v1.9 Rerun checks for auxiliary files (HO)
(/usr/local/texlive/2020/texmf-dist/tex/latex/atveryend/atveryend.sty
Package: atveryend 2019-12-11 v1.11 Hooks at the very end of document (HO)
)
(/usr/local/texlive/2020/texmf-dist/tex/generic/uniquecounter/uniquecounter.sty
Package: uniquecounter 2019/12/15 v1.4 Provide unlimited unique counter (HO)
)
Package uniquecounter Info: New unique counter `rerunfilecheck' on input line 2
86.
))
(/usr/local/texlive/2020/texmf-dist/tex/generic/stringenc/se-ascii-print.def
File: se-ascii-print.def 2019/11/29 v1.12 stringenc: Printable ASCII characters

)
(/usr/local/texlive/2020/texmf-dist/tex/latex/beamer/beamerbaserequires.sty
(/usr/local/texlive/2020/texmf-dist/tex/latex/beamer/beamerbasecompatibility.st
y) (/usr/local/texlive/2020/texmf-dist/tex/latex/beamer/beamerbasefont.sty
(/usr/local/texlive/2020/texmf-dist/tex/latex/amsfonts/amssymb.sty
Package: amssymb 2013/01/14 v3.01 AMS font symbols

(/usr/local/texlive/2020/texmf-dist/tex/latex/amsfonts/amsfonts.sty
Package: amsfonts 2013/01/14 v3.01 Basic AMSFonts support
\@emptytoks=\toks27
\symAMSa=\mathgroup4
\symAMSb=\mathgroup5
LaTeX Font Info:    Redeclaring math symbol \hbar on input line 98.
LaTeX Font Info:    Overwriting math alphabet `\mathfrak' in version `bold'
(Font)                  U/euf/m/n --> U/euf/b/n on input line 106.
))
(/usr/local/texlive/2020/texmf-dist/tex/latex/sansmathaccent/sansmathaccent.sty
Package: sansmathaccent 2020/01/31
(/usr/local/texlive/2020/texmf-dist/tex/latex/koma-script/scrlfile.sty
Package: scrlfile 2020/07/22 v3.31 KOMA-Script package (loading files)
)))
(/usr/local/texlive/2020/texmf-dist/tex/latex/beamer/beamerbasetranslator.sty
(/usr/local/texlive/2020/texmf-dist/tex/latex/translator/translator.sty
Package: translator 2020-08-03 v1.12c Easy translation of strings in LaTeX
))
(/usr/local/texlive/2020/texmf-dist/tex/latex/beamer/beamerbasemisc.sty)
(/usr/local/texlive/2020/texmf-dist/tex/latex/beamer/beamerbasetwoscreens.sty)
(/usr/local/texlive/2020/texmf-dist/tex/latex/beamer/beamerbaseoverlay.sty
\beamer@argscount=\count283
\beamer@lastskipcover=\skip50
\beamer@trivlistdepth=\count284
)
(/usr/local/texlive/2020/texmf-dist/tex/latex/beamer/beamerbasetitle.sty)
(/usr/local/texlive/2020/texmf-dist/tex/latex/beamer/beamerbasesection.sty
\c@lecture=\count285
\c@part=\count286
\c@section=\count287
\c@subsection=\count288
\c@subsubsection=\count289
)
(/usr/local/texlive/2020/texmf-dist/tex/latex/beamer/beamerbaseframe.sty
\beamer@framebox=\box61
\beamer@frametitlebox=\box62
\beamer@zoombox=\box63
\beamer@zoomcount=\count290
\beamer@zoomframecount=\count291
\beamer@frametextheight=\dimen257
\c@subsectionslide=\count292
\beamer@frametopskip=\skip51
\beamer@framebottomskip=\skip52
\beamer@frametopskipautobreak=\skip53
\beamer@framebottomskipautobreak=\skip54
\beamer@envbody=\toks28
\framewidth=\dimen258
\c@framenumber=\count293
)
(/usr/local/texlive/2020/texmf-dist/tex/latex/beamer/beamerbaseverbatim.sty
\beamer@verbatimfileout=\write4
)
(/usr/local/texlive/2020/texmf-dist/tex/latex/beamer/beamerbaseframesize.sty
\beamer@splitbox=\box64
\beamer@autobreakcount=\count294
\beamer@autobreaklastheight=\dimen259
\beamer@frametitletoks=\toks29
\beamer@framesubtitletoks=\toks30
)
(/usr/local/texlive/2020/texmf-dist/tex/latex/beamer/beamerbaseframecomponents.
sty
\beamer@footins=\box65
) (/usr/local/texlive/2020/texmf-dist/tex/latex/beamer/beamerbasecolor.sty)
(/usr/local/texlive/2020/texmf-dist/tex/latex/beamer/beamerbasenotes.sty
\beamer@frameboxcopy=\box66
)
(/usr/local/texlive/2020/texmf-dist/tex/latex/beamer/beamerbasetoc.sty)
(/usr/local/texlive/2020/texmf-dist/tex/latex/beamer/beamerbasetemplates.sty
\beamer@sbttoks=\toks31

(/usr/local/texlive/2020/texmf-dist/tex/latex/beamer/beamerbaseauxtemplates.sty
(/usr/local/texlive/2020/texmf-dist/tex/latex/beamer/beamerbaseboxes.sty
\bmb@box=\box67
\bmb@colorbox=\box68
\bmb@boxshadow=\box69
\bmb@boxshadowball=\box70
\bmb@boxshadowballlarge=\box71
\bmb@temp=\dimen260
\bmb@dima=\dimen261
\bmb@dimb=\dimen262
\bmb@prevheight=\dimen263
)
\beamer@blockheadheight=\dimen264
))
(/usr/local/texlive/2020/texmf-dist/tex/latex/beamer/beamerbaselocalstructure.s
ty (/usr/local/texlive/2020/texmf-dist/tex/latex/tools/enumerate.sty
Package: enumerate 2015/07/23 v3.00 enumerate extensions (DPC)
\@enLab=\toks32
)
\c@figure=\count295
\c@table=\count296
\abovecaptionskip=\skip55
\belowcaptionskip=\skip56
)
(/usr/local/texlive/2020/texmf-dist/tex/latex/beamer/beamerbasenavigation.sty
\beamer@section@min@dim=\dimen265
)
(/usr/local/texlive/2020/texmf-dist/tex/latex/beamer/beamerbasetheorems.sty
(/usr/local/texlive/2020/texmf-dist/tex/latex/amsmath/amsmath.sty
Package: amsmath 2020/01/20 v2.17e AMS math features
\@mathmargin=\skip57

For additional information on amsmath, use the `?' option.
(/usr/local/texlive/2020/texmf-dist/tex/latex/amsmath/amstext.sty
Package: amstext 2000/06/29 v2.01 AMS text

(/usr/local/texlive/2020/texmf-dist/tex/latex/amsmath/amsgen.sty
File: amsgen.sty 1999/11/30 v2.0 generic functions
\@emptytoks=\toks33
\ex@=\dimen266
))
(/usr/local/texlive/2020/texmf-dist/tex/latex/amsmath/amsbsy.sty
Package: amsbsy 1999/11/29 v1.2d Bold Symbols
\pmbraise@=\dimen267
)
(/usr/local/texlive/2020/texmf-dist/tex/latex/amsmath/amsopn.sty
Package: amsopn 2016/03/08 v2.02 operator names
)
\inf@bad=\count297
LaTeX Info: Redefining \frac on input line 227.
\uproot@=\count298
\leftroot@=\count299
LaTeX Info: Redefining \overline on input line 389.
\classnum@=\count300
\DOTSCASE@=\count301
LaTeX Info: Redefining \ldots on input line 486.
LaTeX Info: Redefining \dots on input line 489.
LaTeX Info: Redefining \cdots on input line 610.
\Mathstrutbox@=\box72
\strutbox@=\box73
\big@size=\dimen268
LaTeX Font Info:    Redeclaring font encoding OML on input line 733.
LaTeX Font Info:    Redeclaring font encoding OMS on input line 734.
\macc@depth=\count302
\c@MaxMatrixCols=\count303
\dotsspace@=\muskip17
\c@parentequation=\count304
\dspbrk@lvl=\count305
\tag@help=\toks34
\row@=\count306
\column@=\count307
\maxfields@=\count308
\andhelp@=\toks35
\eqnshift@=\dimen269
\alignsep@=\dimen270
\tagshift@=\dimen271
\tagwidth@=\dimen272
\totwidth@=\dimen273
\lineht@=\dimen274
\@envbody=\toks36
\multlinegap=\skip58
\multlinetaggap=\skip59
\mathdisplay@stack=\toks37
LaTeX Info: Redefining \[ on input line 2859.
LaTeX Info: Redefining \] on input line 2860.
)
(/usr/local/texlive/2020/texmf-dist/tex/latex/amscls/amsthm.sty
Package: amsthm 2020/05/29 v2.20.6
\thm@style=\toks38
\thm@bodyfont=\toks39
\thm@headfont=\toks40
\thm@notefont=\toks41
\thm@headpunct=\toks42
\thm@preskip=\skip60
\thm@postskip=\skip61
\thm@headsep=\skip62
\dth@everypar=\toks43
)
\c@theorem=\count309
)
(/usr/local/texlive/2020/texmf-dist/tex/latex/beamer/beamerbasethemes.sty))
(/usr/local/texlive/2020/texmf-dist/tex/latex/beamer/beamerthemedefault.sty
(/usr/local/texlive/2020/texmf-dist/tex/latex/beamer/beamerfontthemedefault.sty
)
(/usr/local/texlive/2020/texmf-dist/tex/latex/beamer/beamercolorthemedefault.st
y)
(/usr/local/texlive/2020/texmf-dist/tex/latex/beamer/beamerinnerthemedefault.st
y
\beamer@dima=\dimen275
\beamer@dimb=\dimen276
)
(/usr/local/texlive/2020/texmf-dist/tex/latex/beamer/beamerouterthemedefault.st
y))) (/usr/local/texlive/2020/texmf-dist/tex/latex/beamer/beamerthemeMadrid.sty
(/usr/local/texlive/2020/texmf-dist/tex/latex/beamer/beamercolorthemewhale.sty)

(/usr/local/texlive/2020/texmf-dist/tex/latex/beamer/beamercolorthemeorchid.sty
)
(/usr/local/texlive/2020/texmf-dist/tex/latex/beamer/beamerinnerthemerounded.st
y)
(/usr/local/texlive/2020/texmf-dist/tex/latex/beamer/beamerouterthemeinfolines.
sty))
(/usr/local/texlive/2020/texmf-dist/tex/latex/beamer/beamerouterthemesplit.sty)

(/usr/local/texlive/2020/texmf-dist/tex/latex/beamer/beamerinnerthemecircles.st
y)
(/usr/local/texlive/2020/texmf-dist/tex/latex/beamer/beamerfontthemeserif.sty)
(/usr/local/texlive/2020/texmf-dist/tex/generic/babel/babel.sty
Package: babel 2020/07/13 3.47 The Babel package

(/usr/local/texlive/2020/texmf-dist/tex/generic/babel/babel.def
File: babel.def 2020/07/13 3.47 Babel common definitions
\babel@savecnt=\count310
\U@D=\dimen277
\l@babelnohyphens=\language86

(/usr/local/texlive/2020/texmf-dist/tex/generic/babel/xebabel.def
(/usr/local/texlive/2020/texmf-dist/tex/generic/babel/txtbabel.def))
\bbl@readstream=\read3
)
LaTeX Info: Redefining \textlatin on input line 682.
\bbl@dirlevel=\count311

(/usr/local/texlive/2020/texmf-dist/tex/generic/babel-english/english.ldf
Language: english 2017/06/06 v3.3r English support from the babel system
Package babel Info: \l@canadian = using hyphenrules for english
(babel)             (\language0) on input line 102.
Package babel Info: \l@australian = using hyphenrules for ukenglish
(babel)             (\language21) on input line 105.
Package babel Info: \l@newzealand = using hyphenrules for ukenglish
(babel)             (\language21) on input line 108.
)
(/usr/local/texlive/2020/texmf-dist/tex/generic/babel-french/french.ldf
Language: french 2020/07/02 v3.5j French support from the babel system
Package babel Info: \l@acadian = using hyphenrules for french
(babel)             (\language28) on input line 91.
Package babel Info: \l@canadien = using hyphenrules for french
(babel)             (\language28) on input line 92.
\FB@nonchar=\count312
Package french.ldf Info: No need for active punctuation characters
(french.ldf)             with this version of XeTeX!
(french.ldf)             reported on input line 332.
\FB@punctthick=\XeTeXcharclass1
\FB@punctthin=\XeTeXcharclass2
\FB@punctnul=\XeTeXcharclass3
\FB@guilo=\XeTeXcharclass4
\FB@guilf=\XeTeXcharclass5
\FB@guilnul=\XeTeXcharclass6
\FBguill@level=\count313
\FBold@everypar=\toks44
\FB@Mht=\dimen278
LaTeX Info: Redefining \degres on input line 792.
\mc@charclass=\count314
\mc@charfam=\count315
\mc@charslot=\count316
\std@mcc=\count317
\dec@mcc=\count318
\c@FBcaption@count=\count319
\listindentFB=\dimen279
\descindentFB=\dimen280
\labelindentFB=\dimen281
\labelwidthFB=\dimen282
\leftmarginFB=\dimen283
\parindentFFN=\dimen284
\FBfnindent=\dimen285
))
(/usr/local/texlive/2020/texmf-dist/tex/latex/carlisle/scalefnt.sty)
Package french.ldf Info: No list customisation for the beamer class,
(french.ldf)             reported on input line 77.

(/usr/local/texlive/2020/texmf-dist/tex/latex/base/inputenc.sty
Package: inputenc 2018/08/11 v1.3c Input encoding file
\inpenc@prehook=\toks45
\inpenc@posthook=\toks46


Package inputenc Warning: inputenc package ignored with utf8 based engines.

) (/usr/local/texlive/2020/texmf-dist/tex/generic/chemfig/chemfig.sty
(/usr/local/texlive/2020/texmf-dist/tex/latex/pgf/frontendlayer/tikz.sty
(/usr/local/texlive/2020/texmf-dist/tex/latex/pgf/basiclayer/pgf.sty
Package: pgf 2020/01/08 v3.1.5b (3.1.5b)

(/usr/local/texlive/2020/texmf-dist/tex/generic/pgf/modules/pgfmoduleshapes.cod
e.tex
File: pgfmoduleshapes.code.tex 2020/01/08 v3.1.5b (3.1.5b)
\pgfnodeparttextbox=\box74
)
(/usr/local/texlive/2020/texmf-dist/tex/generic/pgf/modules/pgfmoduleplot.code.
tex
File: pgfmoduleplot.code.tex 2020/01/08 v3.1.5b (3.1.5b)
)
(/usr/local/texlive/2020/texmf-dist/tex/latex/pgf/compatibility/pgfcomp-version
-0-65.sty
Package: pgfcomp-version-0-65 2020/01/08 v3.1.5b (3.1.5b)
\pgf@nodesepstart=\dimen286
\pgf@nodesepend=\dimen287
)
(/usr/local/texlive/2020/texmf-dist/tex/latex/pgf/compatibility/pgfcomp-version
-1-18.sty
Package: pgfcomp-version-1-18 2020/01/08 v3.1.5b (3.1.5b)
))
(/usr/local/texlive/2020/texmf-dist/tex/latex/pgf/utilities/pgffor.sty
(/usr/local/texlive/2020/texmf-dist/tex/latex/pgf/utilities/pgfkeys.sty
(/usr/local/texlive/2020/texmf-dist/tex/generic/pgf/utilities/pgfkeys.code.tex)
) (/usr/local/texlive/2020/texmf-dist/tex/latex/pgf/math/pgfmath.sty
(/usr/local/texlive/2020/texmf-dist/tex/generic/pgf/math/pgfmath.code.tex))
(/usr/local/texlive/2020/texmf-dist/tex/generic/pgf/utilities/pgffor.code.tex
Package: pgffor 2020/01/08 v3.1.5b (3.1.5b)

(/usr/local/texlive/2020/texmf-dist/tex/generic/pgf/math/pgfmath.code.tex)
\pgffor@iter=\dimen288
\pgffor@skip=\dimen289
\pgffor@stack=\toks47
\pgffor@toks=\toks48
))
(/usr/local/texlive/2020/texmf-dist/tex/generic/pgf/frontendlayer/tikz/tikz.cod
e.tex
Package: tikz 2020/01/08 v3.1.5b (3.1.5b)

(/usr/local/texlive/2020/texmf-dist/tex/generic/pgf/libraries/pgflibraryplothan
dlers.code.tex
File: pgflibraryplothandlers.code.tex 2020/01/08 v3.1.5b (3.1.5b)
\pgf@plot@mark@count=\count320
\pgfplotmarksize=\dimen290
)
\tikz@lastx=\dimen291
\tikz@lasty=\dimen292
\tikz@lastxsaved=\dimen293
\tikz@lastysaved=\dimen294
\tikz@lastmovetox=\dimen295
\tikz@lastmovetoy=\dimen296
\tikzleveldistance=\dimen297
\tikzsiblingdistance=\dimen298
\tikz@figbox=\box75
\tikz@figbox@bg=\box76
\tikz@tempbox=\box77
\tikz@tempbox@bg=\box78
\tikztreelevel=\count321
\tikznumberofchildren=\count322
\tikznumberofcurrentchild=\count323
\tikz@fig@count=\count324

(/usr/local/texlive/2020/texmf-dist/tex/generic/pgf/modules/pgfmodulematrix.cod
e.tex
File: pgfmodulematrix.code.tex 2020/01/08 v3.1.5b (3.1.5b)
\pgfmatrixcurrentrow=\count325
\pgfmatrixcurrentcolumn=\count326
\pgf@matrix@numberofcolumns=\count327
)
\tikz@expandcount=\count328

(/usr/local/texlive/2020/texmf-dist/tex/generic/pgf/frontendlayer/tikz/librarie
s/tikzlibrarytopaths.code.tex
File: tikzlibrarytopaths.code.tex 2020/01/08 v3.1.5b (3.1.5b)
)))
(/usr/local/texlive/2020/texmf-dist/tex/generic/chemfig/chemfig.tex
Invalid UTF-8 byte or sequence at line 34 replaced by U+FFFD.
Invalid UTF-8 byte or sequence at line 45 replaced by U+FFFD.
Invalid UTF-8 byte or sequence at line 56 replaced by U+FFFD.
Invalid UTF-8 byte or sequence at line 56 replaced by U+FFFD.
Invalid UTF-8 byte or sequence at line 59 replaced by U+FFFD.
Invalid UTF-8 byte or sequence at line 59 replaced by U+FFFD.
Invalid UTF-8 byte or sequence at line 59 replaced by U+FFFD.

(/usr/local/texlive/2020/texmf-dist/tex/generic/simplekv/simplekv.tex
Invalid UTF-8 byte or sequence at line 2 replaced by U+FFFD.
Invalid UTF-8 byte or sequence at line 35 replaced by U+FFFD.
Invalid UTF-8 byte or sequence at line 37 replaced by U+FFFD.
Invalid UTF-8 byte or sequence at line 42 replaced by U+FFFD.
Package: simplekv 2020/04/27 v0.2 Simple keyval package (CT)
Invalid UTF-8 byte or sequence at line 69 replaced by U+FFFD.
Invalid UTF-8 byte or sequence at line 86 replaced by U+FFFD.
Invalid UTF-8 byte or sequence at line 97 replaced by U+FFFD.
Invalid UTF-8 byte or sequence at line 111 replaced by U+FFFD.
Invalid UTF-8 byte or sequence at line 113 replaced by U+FFFD.
)
(/usr/local/texlive/2020/texmf-dist/tex/generic/pgf/libraries/pgflibraryarrows.
meta.code.tex
File: pgflibraryarrows.meta.code.tex 2020/01/08 v3.1.5b (3.1.5b)
\pgfarrowinset=\dimen299
\pgfarrowlength=\dimen300
\pgfarrowwidth=\dimen301
\pgfarrowlinewidth=\dimen302
)
\CF_cntatomgroup=\count329
\CF_cntgroup=\count330
\CF_cntatom=\count331
\CF_cntcycle=\count332
\CF_cntcyclebonds=\count333
\CF_cntcompound=\count334
\CF_dim=\dimen303
\CF_arrowsize=\dimen304
\CF_zero=\dimen305
\CF_boxlewis=\box79
\CF_box=\box80
\CF_boxstuff=\box81
\CF_testbox=\box82
\CF_chargebox=\box83
\CF_substtoks=\toks49
Invalid UTF-8 byte or sequence at line 165 replaced by U+FFFD.
Invalid UTF-8 byte or sequence at line 191 replaced by U+FFFD.
Invalid UTF-8 byte or sequence at line 275 replaced by U+FFFD.
Invalid UTF-8 byte or sequence at line 276 replaced by U+FFFD.
Invalid UTF-8 byte or sequence at line 276 replaced by U+FFFD.
Invalid UTF-8 byte or sequence at line 276 replaced by U+FFFD.
Invalid UTF-8 byte or sequence at line 292 replaced by U+FFFD.
Invalid UTF-8 byte or sequence at line 292 replaced by U+FFFD.
Invalid UTF-8 byte or sequence at line 293 replaced by U+FFFD.
Invalid UTF-8 byte or sequence at line 293 replaced by U+FFFD.
Invalid UTF-8 byte or sequence at line 316 replaced by U+FFFD.
Invalid UTF-8 byte or sequence at line 316 replaced by U+FFFD.
Invalid UTF-8 byte or sequence at line 316 replaced by U+FFFD.
Invalid UTF-8 byte or sequence at line 349 replaced by U+FFFD.
Invalid UTF-8 byte or sequence at line 357 replaced by U+FFFD.
Invalid UTF-8 byte or sequence at line 397 replaced by U+FFFD.
Invalid UTF-8 byte or sequence at line 398 replaced by U+FFFD.
Invalid UTF-8 byte or sequence at line 440 replaced by U+FFFD.
Invalid UTF-8 byte or sequence at line 454 replaced by U+FFFD.
Invalid UTF-8 byte or sequence at line 454 replaced by U+FFFD.
Invalid UTF-8 byte or sequence at line 454 replaced by U+FFFD.
Invalid UTF-8 byte or sequence at line 454 replaced by U+FFFD.
Invalid UTF-8 byte or sequence at line 454 replaced by U+FFFD.
Invalid UTF-8 byte or sequence at line 455 replaced by U+FFFD.
Invalid UTF-8 byte or sequence at line 463 replaced by U+FFFD.
Invalid UTF-8 byte or sequence at line 473 replaced by U+FFFD.
Invalid UTF-8 byte or sequence at line 493 replaced by U+FFFD.
Invalid UTF-8 byte or sequence at line 493 replaced by U+FFFD.
Invalid UTF-8 byte or sequence at line 557 replaced by U+FFFD.
Invalid UTF-8 byte or sequence at line 561 replaced by U+FFFD.
Invalid UTF-8 byte or sequence at line 596 replaced by U+FFFD.
Invalid UTF-8 byte or sequence at line 604 replaced by U+FFFD.
Invalid UTF-8 byte or sequence at line 607 replaced by U+FFFD.
Invalid UTF-8 byte or sequence at line 609 replaced by U+FFFD.
Invalid UTF-8 byte or sequence at line 611 replaced by U+FFFD.
Invalid UTF-8 byte or sequence at line 611 replaced by U+FFFD.
Invalid UTF-8 byte or sequence at line 635 replaced by U+FFFD.
Invalid UTF-8 byte or sequence at line 647 replaced by U+FFFD.
Invalid UTF-8 byte or sequence at line 647 replaced by U+FFFD.
Invalid UTF-8 byte or sequence at line 647 replaced by U+FFFD.
Invalid UTF-8 byte or sequence at line 648 replaced by U+FFFD.
Invalid UTF-8 byte or sequence at line 652 replaced by U+FFFD.
Invalid UTF-8 byte or sequence at line 652 replaced by U+FFFD.
Invalid UTF-8 byte or sequence at line 674 replaced by U+FFFD.
Invalid UTF-8 byte or sequence at line 674 replaced by U+FFFD.
Invalid UTF-8 byte or sequence at line 705 replaced by U+FFFD.
Invalid UTF-8 byte or sequence at line 705 replaced by U+FFFD.
Invalid UTF-8 byte or sequence at line 745 replaced by U+FFFD.
Invalid UTF-8 byte or sequence at line 745 replaced by U+FFFD.
Invalid UTF-8 byte or sequence at line 754 replaced by U+FFFD.
Invalid UTF-8 byte or sequence at line 770 replaced by U+FFFD.
Invalid UTF-8 byte or sequence at line 772 replaced by U+FFFD.
Invalid UTF-8 byte or sequence at line 772 replaced by U+FFFD.
Invalid UTF-8 byte or sequence at line 773 replaced by U+FFFD.
Invalid UTF-8 byte or sequence at line 773 replaced by U+FFFD.
Invalid UTF-8 byte or sequence at line 776 replaced by U+FFFD.
Invalid UTF-8 byte or sequence at line 776 replaced by U+FFFD.
Invalid UTF-8 byte or sequence at line 798 replaced by U+FFFD.
Invalid UTF-8 byte or sequence at line 812 replaced by U+FFFD.
Invalid UTF-8 byte or sequence at line 812 replaced by U+FFFD.
Invalid UTF-8 byte or sequence at line 828 replaced by U+FFFD.
Invalid UTF-8 byte or sequence at line 828 replaced by U+FFFD.
Invalid UTF-8 byte or sequence at line 828 replaced by U+FFFD.
Invalid UTF-8 byte or sequence at line 834 replaced by U+FFFD.
Invalid UTF-8 byte or sequence at line 836 replaced by U+FFFD.
Invalid UTF-8 byte or sequence at line 836 replaced by U+FFFD.
Invalid UTF-8 byte or sequence at line 837 replaced by U+FFFD.
Invalid UTF-8 byte or sequence at line 837 replaced by U+FFFD.
Invalid UTF-8 byte or sequence at line 837 replaced by U+FFFD.
Invalid UTF-8 byte or sequence at line 847 replaced by U+FFFD.
Invalid UTF-8 byte or sequence at line 854 replaced by U+FFFD.
Invalid UTF-8 byte or sequence at line 859 replaced by U+FFFD.
Invalid UTF-8 byte or sequence at line 860 replaced by U+FFFD.
Invalid UTF-8 byte or sequence at line 862 replaced by U+FFFD.
Invalid UTF-8 byte or sequence at line 897 replaced by U+FFFD.
Invalid UTF-8 byte or sequence at line 914 replaced by U+FFFD.
Invalid UTF-8 byte or sequence at line 937 replaced by U+FFFD.
Invalid UTF-8 byte or sequence at line 937 replaced by U+FFFD.
Invalid UTF-8 byte or sequence at line 938 replaced by U+FFFD.
Invalid UTF-8 byte or sequence at line 969 replaced by U+FFFD.
Invalid UTF-8 byte or sequence at line 969 replaced by U+FFFD.
Invalid UTF-8 byte or sequence at line 973 replaced by U+FFFD.
Invalid UTF-8 byte or sequence at line 973 replaced by U+FFFD.
Invalid UTF-8 byte or sequence at line 974 replaced by U+FFFD.
Invalid UTF-8 byte or sequence at line 980 replaced by U+FFFD.
Invalid UTF-8 byte or sequence at line 989 replaced by U+FFFD.
Invalid UTF-8 byte or sequence at line 989 replaced by U+FFFD.
Invalid UTF-8 byte or sequence at line 992 replaced by U+FFFD.
Invalid UTF-8 byte or sequence at line 996 replaced by U+FFFD.
Invalid UTF-8 byte or sequence at line 1001 replaced by U+FFFD.
Invalid UTF-8 byte or sequence at line 1001 replaced by U+FFFD.
Invalid UTF-8 byte or sequence at line 1098 replaced by U+FFFD.
Invalid UTF-8 byte or sequence at line 1098 replaced by U+FFFD.
Invalid UTF-8 byte or sequence at line 1099 replaced by U+FFFD.
Invalid UTF-8 byte or sequence at line 1133 replaced by U+FFFD.
Invalid UTF-8 byte or sequence at line 1133 replaced by U+FFFD.
Invalid UTF-8 byte or sequence at line 1169 replaced by U+FFFD.
Invalid UTF-8 byte or sequence at line 1183 replaced by U+FFFD.
Invalid UTF-8 byte or sequence at line 1208 replaced by U+FFFD.
Invalid UTF-8 byte or sequence at line 1215 replaced by U+FFFD.
Invalid UTF-8 byte or sequence at line 1222 replaced by U+FFFD.
Invalid UTF-8 byte or sequence at line 1222 replaced by U+FFFD.
Invalid UTF-8 byte or sequence at line 1226 replaced by U+FFFD.
Invalid UTF-8 byte or sequence at line 1226 replaced by U+FFFD.
Invalid UTF-8 byte or sequence at line 1242 replaced by U+FFFD.
Invalid UTF-8 byte or sequence at line 1266 replaced by U+FFFD.
Invalid UTF-8 byte or sequence at line 1266 replaced by U+FFFD.
Invalid UTF-8 byte or sequence at line 1321 replaced by U+FFFD.
Invalid UTF-8 byte or sequence at line 1356 replaced by U+FFFD.
Invalid UTF-8 byte or sequence at line 1357 replaced by U+FFFD.
Invalid UTF-8 byte or sequence at line 1373 replaced by U+FFFD.
Invalid UTF-8 byte or sequence at line 1413 replaced by U+FFFD.
Invalid UTF-8 byte or sequence at line 1413 replaced by U+FFFD.
Invalid UTF-8 byte or sequence at line 1432 replaced by U+FFFD.
Invalid UTF-8 byte or sequence at line 1435 replaced by U+FFFD.
Invalid UTF-8 byte or sequence at line 1435 replaced by U+FFFD.
Invalid UTF-8 byte or sequence at line 1495 replaced by U+FFFD.
Invalid UTF-8 byte or sequence at line 1504 replaced by U+FFFD.
Invalid UTF-8 byte or sequence at line 1504 replaced by U+FFFD.
Invalid UTF-8 byte or sequence at line 1544 replaced by U+FFFD.
Invalid UTF-8 byte or sequence at line 1547 replaced by U+FFFD.
Invalid UTF-8 byte or sequence at line 1547 replaced by U+FFFD.
Invalid UTF-8 byte or sequence at line 1547 replaced by U+FFFD.
Invalid UTF-8 byte or sequence at line 1548 replaced by U+FFFD.
Invalid UTF-8 byte or sequence at line 1548 replaced by U+FFFD.
Invalid UTF-8 byte or sequence at line 1552 replaced by U+FFFD.
Invalid UTF-8 byte or sequence at line 1552 replaced by U+FFFD.
Invalid UTF-8 byte or sequence at line 1587 replaced by U+FFFD.
Invalid UTF-8 byte or sequence at line 1622 replaced by U+FFFD.
Invalid UTF-8 byte or sequence at line 1627 replaced by U+FFFD.
Invalid UTF-8 byte or sequence at line 1715 replaced by U+FFFD.
Invalid UTF-8 byte or sequence at line 1753 replaced by U+FFFD.
Invalid UTF-8 byte or sequence at line 1956 replaced by U+FFFD.
Invalid UTF-8 byte or sequence at line 1956 replaced by U+FFFD.
Invalid UTF-8 byte or sequence at line 2051 replaced by U+FFFD.
Invalid UTF-8 byte or sequence at line 2167 replaced by U+FFFD.
Invalid UTF-8 byte or sequence at line 2185 replaced by U+FFFD.
Invalid UTF-8 byte or sequence at line 2185 replaced by U+FFFD.
Invalid UTF-8 byte or sequence at line 2185 replaced by U+FFFD.
Invalid UTF-8 byte or sequence at line 2221 replaced by U+FFFD.
Invalid UTF-8 byte or sequence at line 2234 replaced by U+FFFD.
Invalid UTF-8 byte or sequence at line 2234 replaced by U+FFFD.
Invalid UTF-8 byte or sequence at line 2254 replaced by U+FFFD.
Invalid UTF-8 byte or sequence at line 2254 replaced by U+FFFD.
Invalid UTF-8 byte or sequence at line 2255 replaced by U+FFFD.
Invalid UTF-8 byte or sequence at line 2255 replaced by U+FFFD.
Invalid UTF-8 byte or sequence at line 2255 replaced by U+FFFD.
Invalid UTF-8 byte or sequence at line 2255 replaced by U+FFFD.
Invalid UTF-8 byte or sequence at line 2255 replaced by U+FFFD.
Invalid UTF-8 byte or sequence at line 2303 replaced by U+FFFD.
Invalid UTF-8 byte or sequence at line 2303 replaced by U+FFFD.
Invalid UTF-8 byte or sequence at line 2449 replaced by U+FFFD.
Invalid UTF-8 byte or sequence at line 2477 replaced by U+FFFD.
Invalid UTF-8 byte or sequence at line 2477 replaced by U+FFFD.
Invalid UTF-8 byte or sequence at line 2477 replaced by U+FFFD.
)
Package: chemfig 2020/07/13 v1.56 Draw molecule with an easy syntax (CT)
)
(/usr/local/texlive/2020/texmf-dist/tex/latex/mhchem/mhchem.sty
Package: mhchem 2018/06/22 v4.08 for typesetting chemical formulae

(/usr/local/texlive/2020/texmf-dist/tex/latex/l3kernel/expl3.sty
Package: expl3 2020-08-07 L3 programming layer (loader) 

(/usr/local/texlive/2020/texmf-dist/tex/latex/l3backend/l3backend-xdvipdfmx.def
File: l3backend-xdvipdfmx.def 2020-08-07 L3 backend support: xdvipdfmx
\g__graphics_track_int=\count335
\l__pdf_internal_box=\box84
\g__pdf_backend_object_int=\count336
\g__pdf_backend_annotation_int=\count337
))
(/usr/local/texlive/2020/texmf-dist/tex/latex/l3packages/l3keys2e/l3keys2e.sty
Package: l3keys2e 2020-05-15 LaTeX2e option processing using LaTeX3 keys
) (/usr/local/texlive/2020/texmf-dist/tex/latex/tools/calc.sty
Package: calc 2017/05/25 v4.3 Infix arithmetic (KKT,FJ)
\calc@Acount=\count338
\calc@Bcount=\count339
\calc@Adimen=\dimen306
\calc@Bdimen=\dimen307
\calc@Askip=\skip63
\calc@Bskip=\skip64
LaTeX Info: Redefining \setlength on input line 80.
LaTeX Info: Redefining \addtolength on input line 81.
\calc@Ccount=\count340
\calc@Cskip=\skip65
)
(/usr/local/texlive/2020/texmf-dist/tex/latex/chemgreek/chemgreek.sty
(/usr/local/texlive/2020/texmf-dist/tex/latex/l3packages/xparse/xparse.sty
Package: xparse 2020-05-15 L3 Experimental document command parser

(/usr/local/texlive/2020/texmf-dist/tex/latex/l3packages/xparse/xparse-generic.
tex
\l__xparse_current_arg_int=\count341
\g__xparse_grabber_int=\count342
\l__xparse_m_args_int=\count343
\l__xparse_v_nesting_int=\count344
))
Package: chemgreek 2020/01/16 v1.1a interface for upright Greek letters for use
 in chemistry (CN)
\l__chemgreek_tmpa_int=\count345
\g__chemgreek_tmpa_int=\count346
)
\l__mhchem_ce_distanceFromLastComma_int=\count347
\__mhchem_arrow_extPgfLength_skip=\skip66
\mhchem@minispace@tmp=\skip67
\mhchem@minibackspace@tmp=\skip68
\mhchem@bondwidth=\skip69
\mhchem@bondheight=\skip70
\mhchem@smallbondwidth@tmpA=\skip71
\mhchem@smallbondwidth@tmpB=\skip72
\mhchem@smallbondwidth=\skip73
\mhchem@bondtmp@minussidebearingleft=\skip74
\mhchem@bondtmp@minussidebearingright=\skip75
\l__mhchem_option_version_int=\count348
\mhchem@option@minusmathsidebearingleft=\dimen308
\mhchem@option@minusmathsidebearingright=\dimen309
\mhchem@option@minustextsidebearingleft=\dimen310
\mhchem@option@minustextsidebearingright=\dimen311
)
(/usr/local/texlive/2020/texmf-dist/tex/latex/pgf/utilities/pgfpages.sty
Package: pgfpages 2011/01/05 ver 0.02
\pgf@logicalpages=\count349
\pgf@firstshipout=\count350
\pgf@lastshipout=\count351
\pgf@currentshipout=\count352
\pgf@cpn=\count353
\pgf@shipoutnextto=\count354
\pgfphysicalheight=\dimen312
\pgfphysicalwidth=\dimen313
\pgfpages@shipoutbox=\box85
)
\pgfpages@box@1=\box86

(/usr/local/texlive/2020/texmf-dist/tex/latex/datetime/datetime.sty
Package: datetime 2015/03/20 v2.60 Date Time Package

(/usr/local/texlive/2020/texmf-dist/tex/latex/fmtcount/fmtcount.sty
Invalid UTF-8 byte or sequence at line 10 replaced by U+FFFD.
Invalid UTF-8 byte or sequence at line 22 replaced by U+FFFD.
Package: fmtcount 2020/01/30 v3.07

(/usr/local/texlive/2020/texmf-dist/tex/latex/base/ifthen.sty
Package: ifthen 2014/09/29 v1.1c Standard LaTeX ifthen package (DPC)
)
(/usr/local/texlive/2020/texmf-dist/tex/latex/xkeyval/xkeyval.sty
Package: xkeyval 2014/12/03 v2.7a package option processing (HA)

(/usr/local/texlive/2020/texmf-dist/tex/generic/xkeyval/xkeyval.tex
(/usr/local/texlive/2020/texmf-dist/tex/generic/xkeyval/xkvutils.tex
\XKV@toks=\toks50
\XKV@tempa@toks=\toks51
)
\XKV@depth=\count355
File: xkeyval.tex 2014/12/03 v2.7a key=value parser (HA)
))
(/usr/local/texlive/2020/texmf-dist/tex/latex/fmtcount/fcprefix.sty
Invalid UTF-8 byte or sequence at line 10 replaced by U+FFFD.
Invalid UTF-8 byte or sequence at line 22 replaced by U+FFFD.
Package: fcprefix 2012/09/28

(/usr/local/texlive/2020/texmf-dist/tex/latex/fmtcount/fcnumparser.sty
Invalid UTF-8 byte or sequence at line 10 replaced by U+FFFD.
Invalid UTF-8 byte or sequence at line 22 replaced by U+FFFD.
Package: fcnumparser 2017/06/15
\fc@digit@counter=\count356
))
\c@padzeroesN=\count357
\fc@tmpcatcode=\count358

(/usr/local/texlive/2020/texmf-dist/tex/latex/fmtcount/fc-english.def
Invalid UTF-8 byte or sequence at line 10 replaced by U+FFFD.
Invalid UTF-8 byte or sequence at line 22 replaced by U+FFFD.
File: fc-english.def 2016/01/12
)
(/usr/local/texlive/2020/texmf-dist/tex/latex/fmtcount/fc-french.def
Invalid UTF-8 byte or sequence at line 10 replaced by U+FFFD.
Invalid UTF-8 byte or sequence at line 22 replaced by U+FFFD.
File: fc-french.def 2020/02/24
)
\@DT@modctr=\count359
\@ordinalctr=\count360
\@orgargctr=\count361
\@strctr=\count362
\@tmpstrctr=\count363
\@DT@loopN=\count364
\@DT@X=\count365
)
(/usr/local/texlive/2020/texmf-dist/tex/latex/datetime/datetime-defaults.sty
Package: datetime-defaults 2013/09/10
)
\@day=\count366
\@month=\count367
\@year=\count368
\c@HOUR=\count369
\c@HOURXII=\count370
\c@MINUTE=\count371
\c@TOHOUR=\count372
\c@TOMINUTE=\count373
\c@SECOND=\count374
\currenthour=\count375
\currentminute=\count376
\currentsecond=\count377
Package datetime Info: No datetime.cfg file found, using default settings on in
put line 308.
\@dtctr=\count378
\dayofyear=\count379
\dayofweek=\count380
LaTeX Info: Redefining \today on input line 736.

(/usr/local/texlive/2020/texmf-dist/tex/latex/datetime/dt-french.def
File: dt-french.def 2013/09/10
LaTeX Info: Redefining \datefrench on input line 91.
)
\dt@a=\toks52
\dt@b=\toks53
)
(/usr/local/texlive/2020/texmf-dist/tex/latex/ragged2e/ragged2e.sty
Package: ragged2e 2019/07/28 v2.2 ragged2e Package (MS)

(/usr/local/texlive/2020/texmf-dist/tex/latex/ms/everysel.sty
Package: everysel 2011/10/28 v1.2 EverySelectfont Package (MS)
)
\CenteringLeftskip=\skip76
\RaggedLeftLeftskip=\skip77
\RaggedRightLeftskip=\skip78
\CenteringRightskip=\skip79
\RaggedLeftRightskip=\skip80
\RaggedRightRightskip=\skip81
\CenteringParfillskip=\skip82
\RaggedLeftParfillskip=\skip83
\RaggedRightParfillskip=\skip84
\JustifyingParfillskip=\skip85
\CenteringParindent=\skip86
\RaggedLeftParindent=\skip87
\RaggedRightParindent=\skip88
\JustifyingParindent=\skip89
) (./UNC.aux)
\openout1 = `UNC.aux'.

LaTeX Font Info:    Checking defaults for OML/cmm/m/it on input line 104.
LaTeX Font Info:    ... okay on input line 104.
LaTeX Font Info:    Checking defaults for OMS/cmsy/m/n on input line 104.
LaTeX Font Info:    ... okay on input line 104.
LaTeX Font Info:    Checking defaults for OT1/cmr/m/n on input line 104.
LaTeX Font Info:    ... okay on input line 104.
LaTeX Font Info:    Checking defaults for T1/cmr/m/n on input line 104.
LaTeX Font Info:    ... okay on input line 104.
LaTeX Font Info:    Checking defaults for TS1/cmr/m/n on input line 104.
LaTeX Font Info:    Trying to load font information for TS1+cmr on input line 1
04.

(/usr/local/texlive/2020/texmf-dist/tex/latex/base/ts1cmr.fd
File: ts1cmr.fd 2019/12/16 v2.5j Standard LaTeX font definitions
)
LaTeX Font Info:    ... okay on input line 104.
LaTeX Font Info:    Checking defaults for TU/lmr/m/n on input line 104.
LaTeX Font Info:    ... okay on input line 104.
LaTeX Font Info:    Checking defaults for OMX/cmex/m/n on input line 104.
LaTeX Font Info:    ... okay on input line 104.
LaTeX Font Info:    Checking defaults for U/cmr/m/n on input line 104.
LaTeX Font Info:    ... okay on input line 104.
LaTeX Font Info:    Checking defaults for PD1/pdf/m/n on input line 104.
LaTeX Font Info:    ... okay on input line 104.
LaTeX Font Info:    Checking defaults for PU/pdf/m/n on input line 104.
LaTeX Font Info:    ... okay on input line 104.

*geometry* driver: auto-detecting
*geometry* detected driver: xetex
*geometry* verbose mode - [ preamble ] result:
* driver: xetex
* paper: custom
* layout: <same size as paper>
* layoutoffset:(h,v)=(0.0pt,0.0pt)
* modes: includehead includefoot 
* h-part:(L,W,R)=(18.06749pt, 328.06038pt, 18.06749pt)
* v-part:(T,H,B)=(0.0pt, 273.14662pt, 0.0pt)
* \paperwidth=364.19536pt
* \paperheight=273.14662pt
* \textwidth=328.06038pt
* \textheight=244.6939pt
* \oddsidemargin=-54.2025pt
* \evensidemargin=-54.2025pt
* \topmargin=-72.26999pt
* \headheight=14.22636pt
* \headsep=0.0pt
* \topskip=11.0pt
* \footskip=14.22636pt
* \marginparwidth=4.0pt
* \marginparsep=10.0pt
* \columnsep=10.0pt
* \skip\footins=10.0pt plus 4.0pt minus 2.0pt
* \hoffset=0.0pt
* \voffset=0.0pt
* \mag=1000
* \@twocolumnfalse
* \@twosidefalse
* \@mparswitchfalse
* \@reversemarginfalse
* (1in=72.27pt=25.4mm, 1cm=28.453pt)

ABD: EveryShipout initializing macros
\AtBeginShipoutBox=\box87
Package hyperref Info: Link coloring OFF on input line 104.

(/usr/local/texlive/2020/texmf-dist/tex/latex/hyperref/nameref.sty
Package: nameref 2019/09/16 v2.46 Cross-referencing by name of section

(/usr/local/texlive/2020/texmf-dist/tex/latex/refcount/refcount.sty
Package: refcount 2019/12/15 v3.6 Data extraction from label references (HO)
)
(/usr/local/texlive/2020/texmf-dist/tex/generic/gettitlestring/gettitlestring.s
ty
Package: gettitlestring 2019/12/15 v1.6 Cleanup title references (HO)
)
\c@section@level=\count381
)
LaTeX Info: Redefining \ref on input line 104.
LaTeX Info: Redefining \pageref on input line 104.
LaTeX Info: Redefining \nameref on input line 104.
 (./UNC.out) (./UNC.out)
\@outlinefile=\write5
\openout5 = `UNC.out'.

\symnumbers=\mathgroup6
\sympureletters=\mathgroup7
LaTeX Font Info:    Overwriting math alphabet `\mathrm' in version `normal'
(Font)                  OT1/cmr/m/n --> TU/lmr/m/n on input line 104.
LaTeX Font Info:    Redeclaring math alphabet \mathbf on input line 104.
LaTeX Font Info:    Overwriting math alphabet `\mathbf' in version `normal'
(Font)                  OT1/cmr/bx/n --> TU/lmr/b/n on input line 104.
LaTeX Font Info:    Overwriting math alphabet `\mathbf' in version `bold'
(Font)                  OT1/cmr/bx/n --> TU/lmr/b/n on input line 104.
LaTeX Font Info:    Redeclaring math alphabet \mathsf on input line 104.
LaTeX Font Info:    Overwriting math alphabet `\mathsf' in version `normal'
(Font)                  OT1/cmss/m/n --> TU/lmss/m/n on input line 104.
LaTeX Font Info:    Overwriting math alphabet `\mathsf' in version `bold'
(Font)                  OT1/cmss/bx/n --> TU/lmss/m/n on input line 104.
LaTeX Font Info:    Redeclaring math alphabet \mathit on input line 104.
LaTeX Font Info:    Overwriting math alphabet `\mathit' in version `normal'
(Font)                  OT1/cmr/m/it --> TU/lmr/m/it on input line 104.
LaTeX Font Info:    Overwriting math alphabet `\mathit' in version `bold'
(Font)                  OT1/cmr/bx/it --> TU/lmr/m/it on input line 104.
LaTeX Font Info:    Redeclaring math alphabet \mathtt on input line 104.
LaTeX Font Info:    Overwriting math alphabet `\mathtt' in version `normal'
(Font)                  OT1/cmtt/m/n --> TU/lmtt/m/n on input line 104.
LaTeX Font Info:    Overwriting math alphabet `\mathtt' in version `bold'
(Font)                  OT1/cmtt/m/n --> TU/lmtt/m/n on input line 104.
LaTeX Font Info:    Overwriting symbol font `numbers' in version `bold'
(Font)                  TU/lmr/m/n --> TU/lmr/b/n on input line 104.
LaTeX Font Info:    Overwriting symbol font `pureletters' in version `bold'
(Font)                  TU/lmr/m/it --> TU/lmr/b/it on input line 104.
LaTeX Font Info:    Overwriting math alphabet `\mathrm' in version `bold'
(Font)                  OT1/cmr/bx/n --> TU/lmr/b/n on input line 104.
LaTeX Font Info:    Overwriting math alphabet `\mathbf' in version `bold'
(Font)                  TU/lmr/b/n --> TU/lmr/b/n on input line 104.
LaTeX Font Info:    Overwriting math alphabet `\mathsf' in version `bold'
(Font)                  TU/lmss/m/n --> TU/lmss/b/n on input line 104.
LaTeX Font Info:    Overwriting math alphabet `\mathit' in version `bold'
(Font)                  TU/lmr/m/it --> TU/lmr/b/it on input line 104.
LaTeX Font Info:    Overwriting math alphabet `\mathtt' in version `bold'
(Font)                  TU/lmtt/m/n --> TU/lmtt/b/n on input line 104.

(/usr/local/texlive/2020/texmf-dist/tex/latex/translator/translator-basic-dicti
onary-English.dict
Dictionary: translator-basic-dictionary, Language: English 
)
(/usr/local/texlive/2020/texmf-dist/tex/latex/translator/translator-bibliograph
y-dictionary-English.dict
Dictionary: translator-bibliography-dictionary, Language: English 
)
(/usr/local/texlive/2020/texmf-dist/tex/latex/translator/translator-environment
-dictionary-English.dict
Dictionary: translator-environment-dictionary, Language: English 
)
(/usr/local/texlive/2020/texmf-dist/tex/latex/translator/translator-months-dict
ionary-English.dict
Dictionary: translator-months-dictionary, Language: English 
)
(/usr/local/texlive/2020/texmf-dist/tex/latex/translator/translator-numbers-dic
tionary-English.dict
Dictionary: translator-numbers-dictionary, Language: English 
)
(/usr/local/texlive/2020/texmf-dist/tex/latex/translator/translator-theorem-dic
tionary-English.dict
Dictionary: translator-theorem-dictionary, Language: English 
)
LaTeX Info: Redefining \dots on input line 104.
LaTeX Info: Redefining \up on input line 104.

Package chemgreek Info: Activating mapping `default' on line 104.

 ABD: EverySelectfont initializing macros
LaTeX Info: Redefining \selectfont on input line 104.
 (./UNC.nav)
LaTeX Font Info:    Trying to load font information for U+msa on input line 104
.

(/usr/local/texlive/2020/texmf-dist/tex/latex/amsfonts/umsa.fd
File: umsa.fd 2013/01/14 v3.01 AMS symbols A
)
LaTeX Font Info:    Trying to load font information for U+msb on input line 104
.

(/usr/local/texlive/2020/texmf-dist/tex/latex/amsfonts/umsb.fd
File: umsb.fd 2013/01/14 v3.01 AMS symbols B
) (./UNC.toc)
[2

] [3

] [4

] [5

]

Package hyperref Warning: Token not allowed in a PDF string (Unicode):
(hyperref)                removing `math shift' on input line 157.


Package hyperref Warning: Token not allowed in a PDF string (Unicode):
(hyperref)                removing `math shift' on input line 157.

(./UNC.toc)
Overfull \hbox (44.55417pt too wide) has occurred while \output is active
 []$[][][][][][][][]$ \TU/lmr/m/n/6 : construction de squences dexcution abs
traites (AES)[]  
 []


Overfull \hbox (32.92618pt too wide) has occurred while \output is active
 []$[][][][][][][]$ \TU/lmr/m/n/6 : apprentissage des intgrations de programme
s dAES[]  
 []

[6

]
\openout4 = `UNC.vrb'.

 (./UNC.vrb
File: ./images/Figure_1.png Graphic file (type bmp)
<./images/Figure_1.png>
)
Overfull \hbox (44.55417pt too wide) has occurred while \output is active
 []$[][][][][][][][]$ \TU/lmr/m/n/6 : construction de squences dexcution abs
traites (AES)[]  
 []


Overfull \hbox (32.92618pt too wide) has occurred while \output is active
 []$[][][][][][][]$ \TU/lmr/m/n/6 : apprentissage des intgrations de programme
s dAES[]  
 []

[7

]
\openout4 = `UNC.vrb'.

 (./UNC.vrb
File: ./images/Figure_2.png Graphic file (type bmp)
<./images/Figure_2.png>
)
Overfull \hbox (44.55417pt too wide) has occurred while \output is active
 []$[][][][][][][][]$ \TU/lmr/m/n/6 : construction de squences dexcution abs
traites (AES)[]  
 []


Overfull \hbox (32.92618pt too wide) has occurred while \output is active
 []$[][][][][][][]$ \TU/lmr/m/n/6 : apprentissage des intgrations de programme
s dAES[]  
 []

[8

]

Package hyperref Warning: Token not allowed in a PDF string (Unicode):
(hyperref)                removing `math shift' on input line 192.


Package hyperref Warning: Token not allowed in a PDF string (Unicode):
(hyperref)                removing `math shift' on input line 192.


Overfull \hbox (44.55417pt too wide) has occurred while \output is active
 $[][][][][][][][]$ \TU/lmr/m/n/6 : construction de squences dexcution abstr
aites (AES)  
 []


Overfull \hbox (32.92618pt too wide) has occurred while \output is active
 []$[][][][][][][]$ \TU/lmr/m/n/6 : apprentissage des intgrations de programme
s dAES[]  
 []

[9

]
\openout4 = `UNC.vrb'.

 (./UNC.vrb
File: ./images/Figure_3.png Graphic file (type bmp)
<./images/Figure_3.png>
)
Overfull \vbox (1.39851pt too high) detected at line 212
 []


Overfull \hbox (44.55417pt too wide) has occurred while \output is active
 $[][][][][][][][]$ \TU/lmr/m/n/6 : construction de squences dexcution abstr
aites (AES)  
 []


Overfull \hbox (32.92618pt too wide) has occurred while \output is active
 []$[][][][][][][]$ \TU/lmr/m/n/6 : apprentissage des intgrations de programme
s dAES[]  
 []

[10

]

Package hyperref Warning: Token not allowed in a PDF string (Unicode):
(hyperref)                removing `math shift' on input line 214.


Package hyperref Warning: Token not allowed in a PDF string (Unicode):
(hyperref)                removing `math shift' on input line 214.


Overfull \hbox (44.55417pt too wide) has occurred while \output is active
 []$[][][][][][][][]$ \TU/lmr/m/n/6 : construction de squences dexcution abs
traites (AES)[]  
 []


Overfull \hbox (32.92618pt too wide) has occurred while \output is active
 $[][][][][][][]$ \TU/lmr/m/n/6 : apprentissage des intgrations de programmes 
dAES  
 []

[11

]
File: ./images/Figure_4.png Graphic file (type bmp)
<./images/Figure_4.png>

Overfull \hbox (44.55417pt too wide) has occurred while \output is active
 []$[][][][][][][][]$ \TU/lmr/m/n/6 : construction de squences dexcution abs
traites (AES)[]  
 []


Overfull \hbox (32.92618pt too wide) has occurred while \output is active
 $[][][][][][][]$ \TU/lmr/m/n/6 : apprentissage des intgrations de programmes 
dAES  
 []

[12

] (./UNC.toc) [13

]
\openout4 = `UNC.vrb'.

 (./UNC.vrb
File: images/Figure_5.png Graphic file (type bmp)
<images/Figure_5.png>
) [14

]
\openout4 = `UNC.vrb'.

 (./UNC.vrb
File: images/Figure_6.png Graphic file (type bmp)
<images/Figure_6.png>
) [15

]
\openout4 = `UNC.vrb'.

 (./UNC.vrb
File: images/Figure_7.png Graphic file (type bmp)
<images/Figure_7.png>
) [16

]
\openout4 = `UNC.vrb'.


(./UNC.vrb) [17

]
\tf@nav=\write6
\openout6 = `UNC.nav'.

\tf@toc=\write7
\openout7 = `UNC.toc'.

\tf@snm=\write8
\openout8 = `UNC.snm'.

 [18

]
Package atveryend Info: Empty hook `BeforeClearDocument' on input line 293.
Package atveryend Info: Empty hook `AfterLastShipout' on input line 293.
 (./UNC.aux)
Package atveryend Info: Empty hook `AtVeryEndDocument' on input line 293.
Package atveryend Info: Executing hook `AtEndAfterFileList' on input line 293.
Package rerunfilecheck Info: File `UNC.out' has not changed.
(rerunfilecheck)             Checksum: 98B469CFC742CC054DE33C53D7CB36BB;2310.
 ) 
Here is how much of TeX's memory you used:
 29425 strings out of 479699
 563369 string characters out of 5889003
 897618 words of memory out of 5000000
 45978 multiletter control sequences out of 15000+600000
 545045 words of font info for 88 fonts, out of 8000000 for 9000
 1348 hyphenation exceptions out of 8191
 63i,22n,74p,1039b,841s stack positions out of 5000i,500n,10000p,200000b,80000s

Output written on UNC.pdf (17 pages).
